Building DAG of jobs...
Using shell: /usr/bin/bash
Provided cores: 4
Rules claiming more threads will be scaled down.
Job stats:
job            count
-----------  -------
all                1
bowtie2            4
macs2              4
multiqc            1
trim_galore        4
total             14

Select jobs to execute...

[Mon Apr  7 00:48:09 2025]
rule trim_galore:
    input: data/raw/SRR1979930_R1.fastq.gz, data/raw/SRR1979930_R2.fastq.gz
    output: results/trimmed/SRR1979930_R1_trimmed.fq.gz, results/trimmed/SRR1979930_R2_trimmed.fq.gz
    jobid: 6
    reason: Missing output files: results/trimmed/SRR1979930_R2_trimmed.fq.gz, results/trimmed/SRR1979930_R1_trimmed.fq.gz
    wildcards: sample=SRR1979930
    threads: 4
    resources: tmpdir=/tmp/slurm-mekl0332-165828

trim_galore  --gzip -o results/trimmed data/raw/SRR1979930_R1.fastq.gz data/raw/SRR1979930_R2.fastq.gz
Activating conda environment: .snakemake/conda/95b03055a948845c379bc054721a8af0_
Multicore support not enabled. Proceeding with single-core trimming.
Path to Cutadapt set as: 'cutadapt' (default)
Cutadapt seems to be working fine (tested command 'cutadapt --version')
Cutadapt version: 5.0
single-core operation.
igzip detected. Using igzip for decompressing

No quality encoding type selected. Assuming that the data provided uses Sanger encoded Phred scores (default)

Output will be written into the directory: /scratch/lustre/home/mekl0332/Mouse_Aging/results/trimmed/


AUTO-DETECTING ADAPTER TYPE
===========================
Attempting to auto-detect adapter type from the first 1 million sequences of the first file (>> data/raw/SRR1979930_R1.fastq.gz <<)

Found perfect matches for the following adapter sequences:
Adapter type	Count	Sequence	Sequences analysed	Percentage
Illumina	527	AGATCGGAAGAGC	1000000	0.05
smallRNA	1	TGGAATTCTCGG	1000000	0.00
Nextera	0	CTGTCTCTTATA	1000000	0.00
Using Illumina adapter for trimming (count: 527). Second best hit was smallRNA (count: 1)

Writing report to '/scratch/lustre/home/mekl0332/Mouse_Aging/results/trimmed/SRR1979930_R1.fastq.gz_trimming_report.txt'

SUMMARISING RUN PARAMETERS
==========================
Input filename: data/raw/SRR1979930_R1.fastq.gz
Trimming mode: single-end
Trim Galore version: 0.6.10
Cutadapt version: 5.0
Number of cores used for trimming: 1
Quality Phred score cutoff: 20
Quality encoding type selected: ASCII+33
Adapter sequence: 'AGATCGGAAGAGC' (Illumina TruSeq, Sanger iPCR; auto-detected)
Maximum trimming error rate: 0.1 (default)
Minimum required adapter overlap (stringency): 1 bp
Minimum required sequence length before a sequence gets removed: 20 bp
Output file(s) will be GZIP compressed

Cutadapt seems to be fairly up-to-date (version 5.0). Setting -j 1
Writing final adapter and quality trimmed output to SRR1979930_R1_trimmed.fq.gz


  >>> Now performing quality (cutoff '-q 20') and adapter trimming in a single pass for the adapter sequence: 'AGATCGGAAGAGC' from file data/raw/SRR1979930_R1.fastq.gz <<< 
10000000 sequences processed
This is cutadapt 5.0 with Python 3.9.19
Command line parameters: -j 1 -e 0.1 -q 20 -O 1 -a AGATCGGAAGAGC data/raw/SRR1979930_R1.fastq.gz
Processing single-end reads on 1 core ...

=== Summary ===

Total reads processed:              17,114,514
Reads with adapters:                 4,562,271 (26.7%)
Reads written (passing filters):    17,114,514 (100.0%)

Total basepairs processed: 1,728,565,914 bp
Quality-trimmed:              35,051,537 bp (2.0%)
Total written (filtered):  1,661,484,798 bp (96.1%)

=== Adapter 1 ===

Sequence: AGATCGGAAGAGC; Type: regular 3'; Length: 13; Trimmed: 4562271 times

Minimum overlap: 1
No. of allowed errors:
1-9 bp: 0; 10-13 bp: 1

Bases preceding removed adapters:
  A: 28.4%
  C: 29.5%
  G: 21.4%
  T: 13.6%
  none/other: 7.1%

Overview of removed sequences
length	count	expect	max.err	error counts
1	2742716	4278628.5	0	2742716
2	1197553	1069657.1	0	1197553
3	229563	267414.3	0	229563
4	37822	66853.6	0	37822
5	10595	16713.4	0	10595
6	2425	4178.3	0	2425
7	1624	1044.6	0	1624
8	683	261.1	0	683
9	1081	65.3	0	745 336
10	1352	16.3	1	873 479
11	650	4.1	1	448 202
12	899	1.0	1	802 97
13	550	0.3	1	516 34
14	611	0.3	1	568 43
15	540	0.3	1	500 40
16	520	0.3	1	476 44
17	474	0.3	1	435 39
18	471	0.3	1	417 54
19	295	0.3	1	260 35
20	344	0.3	1	317 27
21	316	0.3	1	282 34
22	343	0.3	1	293 50
23	285	0.3	1	246 39
24	324	0.3	1	279 45
25	298	0.3	1	242 56
26	280	0.3	1	209 71
27	337	0.3	1	224 113
28	364	0.3	1	292 72
29	229	0.3	1	182 47
30	305	0.3	1	268 37
31	297	0.3	1	187 110
32	281	0.3	1	226 55
33	233	0.3	1	168 65
34	281	0.3	1	219 62
35	370	0.3	1	326 44
36	229	0.3	1	181 48
37	186	0.3	1	148 38
38	178	0.3	1	149 29
39	236	0.3	1	148 88
40	204	0.3	1	170 34
41	185	0.3	1	115 70
42	220	0.3	1	151 69
43	185	0.3	1	136 49
44	155	0.3	1	108 47
45	148	0.3	1	110 38
46	141	0.3	1	98 43
47	166	0.3	1	109 57
48	152	0.3	1	76 76
49	113	0.3	1	75 38
50	119	0.3	1	73 46
51	136	0.3	1	78 58
52	164	0.3	1	82 82
53	102	0.3	1	72 30
54	74	0.3	1	38 36
55	72	0.3	1	35 37
56	74	0.3	1	41 33
57	87	0.3	1	37 50
58	116	0.3	1	37 79
59	102	0.3	1	33 69
60	102	0.3	1	22 80
61	122	0.3	1	35 87
62	267	0.3	1	27 240
63	626	0.3	1	28 598
64	252	0.3	1	13 239
65	306	0.3	1	11 295
66	412	0.3	1	13 399
67	1421	0.3	1	13 1408
68	1726	0.3	1	8 1718
69	14900	0.3	1	10 14890
70	20966	0.3	1	27 20939
71	38892	0.3	1	29 38863
72	38284	0.3	1	21 38263
73	33525	0.3	1	24 33501
74	34659	0.3	1	20 34639
75	4671	0.3	1	21 4650
76	6125	0.3	1	11 6114
77	10231	0.3	1	7 10224
78	10086	0.3	1	3 10083
79	8712	0.3	1	6 8706
80	7955	0.3	1	5 7950
81	6765	0.3	1	3 6762
82	5905	0.3	1	3 5902
83	3969	0.3	1	1 3968
84	2660	0.3	1	1 2659
85	2950	0.3	1	0 2950
86	1468	0.3	1	1 1467
87	912	0.3	1	1 911
88	470	0.3	1	1 469
89	356	0.3	1	2 354
90	303	0.3	1	1 302
91	294	0.3	1	1 293
92	313	0.3	1	2 311
93	368	0.3	1	0 368
94	513	0.3	1	0 513
95	661	0.3	1	1 660
96	976	0.3	1	2 974
97	1458	0.3	1	1 1457
98	2495	0.3	1	0 2495
99	4310	0.3	1	0 4310
100	12625	0.3	1	1 12624
101	39405	0.3	1	1 39404

RUN STATISTICS FOR INPUT FILE: data/raw/SRR1979930_R1.fastq.gz
=============================================
17114514 sequences processed in total
Sequences removed because they became shorter than the length cutoff of 20 bp:	327530 (1.9%)

Writing report to '/scratch/lustre/home/mekl0332/Mouse_Aging/results/trimmed/SRR1979930_R2.fastq.gz_trimming_report.txt'

SUMMARISING RUN PARAMETERS
==========================
Input filename: data/raw/SRR1979930_R2.fastq.gz
Trimming mode: single-end
Trim Galore version: 0.6.10
Cutadapt version: 5.0
Number of cores used for trimming: 1
Quality Phred score cutoff: 20
Quality encoding type selected: ASCII+33
Adapter sequence: 'AGATCGGAAGAGC' (Illumina TruSeq, Sanger iPCR; auto-detected)
Maximum trimming error rate: 0.1 (default)
Minimum required adapter overlap (stringency): 1 bp
Minimum required sequence length before a sequence gets removed: 20 bp
Output file(s) will be GZIP compressed

Cutadapt seems to be fairly up-to-date (version 5.0). Setting -j -j 1
Writing final adapter and quality trimmed output to SRR1979930_R2_trimmed.fq.gz


  >>> Now performing quality (cutoff '-q 20') and adapter trimming in a single pass for the adapter sequence: 'AGATCGGAAGAGC' from file data/raw/SRR1979930_R2.fastq.gz <<< 
This is cutadapt 5.0 with Python 3.9.19
Command line parameters: -j 1 -e 0.1 -q 20 -O 1 -a AGATCGGAAGAGC data/raw/SRR1979930_R2.fastq.gz
Input file format not recognized. The file starts with b'\n\n\n\n', but files in supported formats start with '>' (FASTA), '@' (FASTQ) or 'BAM'


Cutadapt terminated with exit signal: '256'.
Terminating Trim Galore run, please check error message(s) to get an idea what went wrong...

[Mon Apr  7 00:56:44 2025]
Error in rule trim_galore:
    jobid: 6
    input: data/raw/SRR1979930_R1.fastq.gz, data/raw/SRR1979930_R2.fastq.gz
    output: results/trimmed/SRR1979930_R1_trimmed.fq.gz, results/trimmed/SRR1979930_R2_trimmed.fq.gz
    conda-env: /scratch/lustre/home/mekl0332/Mouse_Aging/.snakemake/conda/95b03055a948845c379bc054721a8af0_
    shell:
        trim_galore  --gzip -o results/trimmed data/raw/SRR1979930_R1.fastq.gz data/raw/SRR1979930_R2.fastq.gz
        (one of the commands exited with non-zero exit code; note that snakemake uses bash strict mode!)

Removing output files of failed job trim_galore since they might be corrupted:
results/trimmed/SRR1979930_R1_trimmed.fq.gz, results/trimmed/SRR1979930_R2_trimmed.fq.gz
Trying to restart job 6.
Select jobs to execute...

[Mon Apr  7 00:56:44 2025]
rule trim_galore:
    input: data/raw/SRR1979925_R1.fastq.gz, data/raw/SRR1979925_R2.fastq.gz
    output: results/trimmed/SRR1979925_R1_trimmed.fq.gz, results/trimmed/SRR1979925_R2_trimmed.fq.gz
    jobid: 12
    reason: Missing output files: results/trimmed/SRR1979925_R2_trimmed.fq.gz, results/trimmed/SRR1979925_R1_trimmed.fq.gz
    wildcards: sample=SRR1979925
    threads: 4
    resources: tmpdir=/tmp/slurm-mekl0332-165828

trim_galore  --gzip -o results/trimmed data/raw/SRR1979925_R1.fastq.gz data/raw/SRR1979925_R2.fastq.gz
Activating conda environment: .snakemake/conda/95b03055a948845c379bc054721a8af0_
Multicore support not enabled. Proceeding with single-core trimming.
Path to Cutadapt set as: 'cutadapt' (default)
Cutadapt seems to be working fine (tested command 'cutadapt --version')
Cutadapt version: 5.0
single-core operation.
igzip detected. Using igzip for decompressing

No quality encoding type selected. Assuming that the data provided uses Sanger encoded Phred scores (default)

Output will be written into the directory: /scratch/lustre/home/mekl0332/Mouse_Aging/results/trimmed/


AUTO-DETECTING ADAPTER TYPE
===========================
Attempting to auto-detect adapter type from the first 1 million sequences of the first file (>> data/raw/SRR1979925_R1.fastq.gz <<)

Found perfect matches for the following adapter sequences:
Adapter type	Count	Sequence	Sequences analysed	Percentage
Illumina	634	AGATCGGAAGAGC	1000000	0.06
Nextera	6	CTGTCTCTTATA	1000000	0.00
smallRNA	2	TGGAATTCTCGG	1000000	0.00
Using Illumina adapter for trimming (count: 634). Second best hit was Nextera (count: 6)

Writing report to '/scratch/lustre/home/mekl0332/Mouse_Aging/results/trimmed/SRR1979925_R1.fastq.gz_trimming_report.txt'

SUMMARISING RUN PARAMETERS
==========================
Input filename: data/raw/SRR1979925_R1.fastq.gz
Trimming mode: single-end
Trim Galore version: 0.6.10
Cutadapt version: 5.0
Number of cores used for trimming: 1
Quality Phred score cutoff: 20
Quality encoding type selected: ASCII+33
Adapter sequence: 'AGATCGGAAGAGC' (Illumina TruSeq, Sanger iPCR; auto-detected)
Maximum trimming error rate: 0.1 (default)
Minimum required adapter overlap (stringency): 1 bp
Minimum required sequence length before a sequence gets removed: 20 bp
Output file(s) will be GZIP compressed

Cutadapt seems to be fairly up-to-date (version 5.0). Setting -j 1
Writing final adapter and quality trimmed output to SRR1979925_R1_trimmed.fq.gz


  >>> Now performing quality (cutoff '-q 20') and adapter trimming in a single pass for the adapter sequence: 'AGATCGGAAGAGC' from file data/raw/SRR1979925_R1.fastq.gz <<< 
10000000 sequences processed
This is cutadapt 5.0 with Python 3.9.19
Command line parameters: -j 1 -e 0.1 -q 20 -O 1 -a AGATCGGAAGAGC data/raw/SRR1979925_R1.fastq.gz
Processing single-end reads on 1 core ...

=== Summary ===

Total reads processed:              10,396,363
Reads with adapters:                 3,171,498 (30.5%)
Reads written (passing filters):    10,396,363 (100.0%)

Total basepairs processed: 1,050,032,663 bp
Quality-trimmed:              26,636,324 bp (2.5%)
Total written (filtered):    977,841,331 bp (93.1%)

=== Adapter 1 ===

Sequence: AGATCGGAAGAGC; Type: regular 3'; Length: 13; Trimmed: 3171498 times

Minimum overlap: 1
No. of allowed errors:
1-9 bp: 0; 10-13 bp: 1

Bases preceding removed adapters:
  A: 26.9%
  C: 25.3%
  G: 18.3%
  T: 12.9%
  none/other: 16.5%

Overview of removed sequences
length	count	expect	max.err	error counts
1	1768550	2599090.8	0	1768550
2	690903	649772.7	0	690903
3	143097	162443.2	0	143097
4	24053	40610.8	0	24053
5	6579	10152.7	0	6579
6	1574	2538.2	0	1574
7	1046	634.5	0	1046
8	565	158.6	0	565
9	684	39.7	0	497 187
10	809	9.9	1	543 266
11	503	2.5	1	397 106
12	544	0.6	1	505 39
13	381	0.2	1	366 15
14	382	0.2	1	356 26
15	281	0.2	1	264 17
16	313	0.2	1	296 17
17	302	0.2	1	280 22
18	374	0.2	1	351 23
19	229	0.2	1	198 31
20	225	0.2	1	201 24
21	216	0.2	1	197 19
22	209	0.2	1	191 18
23	191	0.2	1	140 51
24	217	0.2	1	191 26
25	219	0.2	1	150 69
26	222	0.2	1	145 77
27	277	0.2	1	144 133
28	275	0.2	1	181 94
29	223	0.2	1	160 63
30	180	0.2	1	144 36
31	255	0.2	1	90 165
32	172	0.2	1	131 41
33	164	0.2	1	106 58
34	166	0.2	1	133 33
35	277	0.2	1	194 83
36	130	0.2	1	98 32
37	183	0.2	1	123 60
38	134	0.2	1	96 38
39	137	0.2	1	83 54
40	188	0.2	1	97 91
41	184	0.2	1	83 101
42	176	0.2	1	98 78
43	138	0.2	1	85 53
44	193	0.2	1	87 106
45	140	0.2	1	63 77
46	101	0.2	1	66 35
47	89	0.2	1	41 48
48	163	0.2	1	64 99
49	105	0.2	1	55 50
50	91	0.2	1	49 42
51	131	0.2	1	50 81
52	172	0.2	1	62 110
53	91	0.2	1	58 33
54	75	0.2	1	38 37
55	75	0.2	1	29 46
56	81	0.2	1	28 53
57	121	0.2	1	30 91
58	163	0.2	1	35 128
59	131	0.2	1	31 100
60	177	0.2	1	22 155
61	128	0.2	1	19 109
62	478	0.2	1	20 458
63	1194	0.2	1	32 1162
64	424	0.2	1	10 414
65	425	0.2	1	6 419
66	645	0.2	1	9 636
67	2381	0.2	1	7 2374
68	3012	0.2	1	7 3005
69	22512	0.2	1	14 22498
70	31392	0.2	1	27 31365
71	58484	0.2	1	30 58454
72	60825	0.2	1	28 60797
73	53341	0.2	1	18 53323
74	56563	0.2	1	24 56539
75	7942	0.2	1	18 7924
76	10432	0.2	1	16 10416
77	17430	0.2	1	9 17421
78	17511	0.2	1	5 17506
79	15056	0.2	1	1 15055
80	13942	0.2	1	4 13938
81	11803	0.2	1	1 11802
82	10538	0.2	1	1 10537
83	7071	0.2	1	0 7071
84	4729	0.2	1	0 4729
85	5603	0.2	1	3 5600
86	2827	0.2	1	6 2821
87	1706	0.2	1	1 1705
88	884	0.2	1	1 883
89	689	0.2	1	1 688
90	482	0.2	1	1 481
91	502	0.2	1	1 501
92	537	0.2	1	2 535
93	573	0.2	1	0 573
94	807	0.2	1	2 805
95	1039	0.2	1	0 1039
96	1527	0.2	1	3 1524
97	2352	0.2	1	2 2350
98	3873	0.2	1	1 3872
99	6981	0.2	1	0 6981
100	20663	0.2	1	0 20663
101	64169	0.2	1	0 64169

RUN STATISTICS FOR INPUT FILE: data/raw/SRR1979925_R1.fastq.gz
=============================================
10396363 sequences processed in total
Sequences removed because they became shorter than the length cutoff of 20 bp:	527336 (5.1%)

Writing report to '/scratch/lustre/home/mekl0332/Mouse_Aging/results/trimmed/SRR1979925_R2.fastq.gz_trimming_report.txt'

SUMMARISING RUN PARAMETERS
==========================
Input filename: data/raw/SRR1979925_R2.fastq.gz
Trimming mode: single-end
Trim Galore version: 0.6.10
Cutadapt version: 5.0
Number of cores used for trimming: 1
Quality Phred score cutoff: 20
Quality encoding type selected: ASCII+33
Adapter sequence: 'AGATCGGAAGAGC' (Illumina TruSeq, Sanger iPCR; auto-detected)
Maximum trimming error rate: 0.1 (default)
Minimum required adapter overlap (stringency): 1 bp
Minimum required sequence length before a sequence gets removed: 20 bp
Output file(s) will be GZIP compressed

Cutadapt seems to be fairly up-to-date (version 5.0). Setting -j -j 1
Writing final adapter and quality trimmed output to SRR1979925_R2_trimmed.fq.gz


  >>> Now performing quality (cutoff '-q 20') and adapter trimming in a single pass for the adapter sequence: 'AGATCGGAAGAGC' from file data/raw/SRR1979925_R2.fastq.gz <<< 
This is cutadapt 5.0 with Python 3.9.19
Command line parameters: -j 1 -e 0.1 -q 20 -O 1 -a AGATCGGAAGAGC data/raw/SRR1979925_R2.fastq.gz
Input file format not recognized. The file starts with b'\n\n\n\n', but files in supported formats start with '>' (FASTA), '@' (FASTQ) or 'BAM'


Cutadapt terminated with exit signal: '256'.
Terminating Trim Galore run, please check error message(s) to get an idea what went wrong...

[Mon Apr  7 01:01:44 2025]
Error in rule trim_galore:
    jobid: 12
    input: data/raw/SRR1979925_R1.fastq.gz, data/raw/SRR1979925_R2.fastq.gz
    output: results/trimmed/SRR1979925_R1_trimmed.fq.gz, results/trimmed/SRR1979925_R2_trimmed.fq.gz
    conda-env: /scratch/lustre/home/mekl0332/Mouse_Aging/.snakemake/conda/95b03055a948845c379bc054721a8af0_
    shell:
        trim_galore  --gzip -o results/trimmed data/raw/SRR1979925_R1.fastq.gz data/raw/SRR1979925_R2.fastq.gz
        (one of the commands exited with non-zero exit code; note that snakemake uses bash strict mode!)

Removing output files of failed job trim_galore since they might be corrupted:
results/trimmed/SRR1979925_R1_trimmed.fq.gz, results/trimmed/SRR1979925_R2_trimmed.fq.gz
Trying to restart job 12.
Select jobs to execute...

[Mon Apr  7 01:01:44 2025]
rule trim_galore:
    input: data/raw/SRR1979925_R1.fastq.gz, data/raw/SRR1979925_R2.fastq.gz
    output: results/trimmed/SRR1979925_R1_trimmed.fq.gz, results/trimmed/SRR1979925_R2_trimmed.fq.gz
    jobid: 12
    reason: Missing output files: results/trimmed/SRR1979925_R2_trimmed.fq.gz, results/trimmed/SRR1979925_R1_trimmed.fq.gz
    wildcards: sample=SRR1979925
    threads: 4
    resources: tmpdir=/tmp/slurm-mekl0332-165828

trim_galore  --gzip -o results/trimmed data/raw/SRR1979925_R1.fastq.gz data/raw/SRR1979925_R2.fastq.gz
Activating conda environment: .snakemake/conda/95b03055a948845c379bc054721a8af0_
Multicore support not enabled. Proceeding with single-core trimming.
Path to Cutadapt set as: 'cutadapt' (default)
Cutadapt seems to be working fine (tested command 'cutadapt --version')
Cutadapt version: 5.0
single-core operation.
igzip detected. Using igzip for decompressing

No quality encoding type selected. Assuming that the data provided uses Sanger encoded Phred scores (default)

Output will be written into the directory: /scratch/lustre/home/mekl0332/Mouse_Aging/results/trimmed/


AUTO-DETECTING ADAPTER TYPE
===========================
Attempting to auto-detect adapter type from the first 1 million sequences of the first file (>> data/raw/SRR1979925_R1.fastq.gz <<)

Found perfect matches for the following adapter sequences:
Adapter type	Count	Sequence	Sequences analysed	Percentage
Illumina	634	AGATCGGAAGAGC	1000000	0.06
Nextera	6	CTGTCTCTTATA	1000000	0.00
smallRNA	2	TGGAATTCTCGG	1000000	0.00
Using Illumina adapter for trimming (count: 634). Second best hit was Nextera (count: 6)

Writing report to '/scratch/lustre/home/mekl0332/Mouse_Aging/results/trimmed/SRR1979925_R1.fastq.gz_trimming_report.txt'

SUMMARISING RUN PARAMETERS
==========================
Input filename: data/raw/SRR1979925_R1.fastq.gz
Trimming mode: single-end
Trim Galore version: 0.6.10
Cutadapt version: 5.0
Number of cores used for trimming: 1
Quality Phred score cutoff: 20
Quality encoding type selected: ASCII+33
Adapter sequence: 'AGATCGGAAGAGC' (Illumina TruSeq, Sanger iPCR; auto-detected)
Maximum trimming error rate: 0.1 (default)
Minimum required adapter overlap (stringency): 1 bp
Minimum required sequence length before a sequence gets removed: 20 bp
Output file(s) will be GZIP compressed

Cutadapt seems to be fairly up-to-date (version 5.0). Setting -j 1
Writing final adapter and quality trimmed output to SRR1979925_R1_trimmed.fq.gz


  >>> Now performing quality (cutoff '-q 20') and adapter trimming in a single pass for the adapter sequence: 'AGATCGGAAGAGC' from file data/raw/SRR1979925_R1.fastq.gz <<< 
10000000 sequences processed
This is cutadapt 5.0 with Python 3.9.19
Command line parameters: -j 1 -e 0.1 -q 20 -O 1 -a AGATCGGAAGAGC data/raw/SRR1979925_R1.fastq.gz
Processing single-end reads on 1 core ...

=== Summary ===

Total reads processed:              10,396,363
Reads with adapters:                 3,171,498 (30.5%)
Reads written (passing filters):    10,396,363 (100.0%)

Total basepairs processed: 1,050,032,663 bp
Quality-trimmed:              26,636,324 bp (2.5%)
Total written (filtered):    977,841,331 bp (93.1%)

=== Adapter 1 ===

Sequence: AGATCGGAAGAGC; Type: regular 3'; Length: 13; Trimmed: 3171498 times

Minimum overlap: 1
No. of allowed errors:
1-9 bp: 0; 10-13 bp: 1

Bases preceding removed adapters:
  A: 26.9%
  C: 25.3%
  G: 18.3%
  T: 12.9%
  none/other: 16.5%

Overview of removed sequences
length	count	expect	max.err	error counts
1	1768550	2599090.8	0	1768550
2	690903	649772.7	0	690903
3	143097	162443.2	0	143097
4	24053	40610.8	0	24053
5	6579	10152.7	0	6579
6	1574	2538.2	0	1574
7	1046	634.5	0	1046
8	565	158.6	0	565
9	684	39.7	0	497 187
10	809	9.9	1	543 266
11	503	2.5	1	397 106
12	544	0.6	1	505 39
13	381	0.2	1	366 15
14	382	0.2	1	356 26
15	281	0.2	1	264 17
16	313	0.2	1	296 17
17	302	0.2	1	280 22
18	374	0.2	1	351 23
19	229	0.2	1	198 31
20	225	0.2	1	201 24
21	216	0.2	1	197 19
22	209	0.2	1	191 18
23	191	0.2	1	140 51
24	217	0.2	1	191 26
25	219	0.2	1	150 69
26	222	0.2	1	145 77
27	277	0.2	1	144 133
28	275	0.2	1	181 94
29	223	0.2	1	160 63
30	180	0.2	1	144 36
31	255	0.2	1	90 165
32	172	0.2	1	131 41
33	164	0.2	1	106 58
34	166	0.2	1	133 33
35	277	0.2	1	194 83
36	130	0.2	1	98 32
37	183	0.2	1	123 60
38	134	0.2	1	96 38
39	137	0.2	1	83 54
40	188	0.2	1	97 91
41	184	0.2	1	83 101
42	176	0.2	1	98 78
43	138	0.2	1	85 53
44	193	0.2	1	87 106
45	140	0.2	1	63 77
46	101	0.2	1	66 35
47	89	0.2	1	41 48
48	163	0.2	1	64 99
49	105	0.2	1	55 50
50	91	0.2	1	49 42
51	131	0.2	1	50 81
52	172	0.2	1	62 110
53	91	0.2	1	58 33
54	75	0.2	1	38 37
55	75	0.2	1	29 46
56	81	0.2	1	28 53
57	121	0.2	1	30 91
58	163	0.2	1	35 128
59	131	0.2	1	31 100
60	177	0.2	1	22 155
61	128	0.2	1	19 109
62	478	0.2	1	20 458
63	1194	0.2	1	32 1162
64	424	0.2	1	10 414
65	425	0.2	1	6 419
66	645	0.2	1	9 636
67	2381	0.2	1	7 2374
68	3012	0.2	1	7 3005
69	22512	0.2	1	14 22498
70	31392	0.2	1	27 31365
71	58484	0.2	1	30 58454
72	60825	0.2	1	28 60797
73	53341	0.2	1	18 53323
74	56563	0.2	1	24 56539
75	7942	0.2	1	18 7924
76	10432	0.2	1	16 10416
77	17430	0.2	1	9 17421
78	17511	0.2	1	5 17506
79	15056	0.2	1	1 15055
80	13942	0.2	1	4 13938
81	11803	0.2	1	1 11802
82	10538	0.2	1	1 10537
83	7071	0.2	1	0 7071
84	4729	0.2	1	0 4729
85	5603	0.2	1	3 5600
86	2827	0.2	1	6 2821
87	1706	0.2	1	1 1705
88	884	0.2	1	1 883
89	689	0.2	1	1 688
90	482	0.2	1	1 481
91	502	0.2	1	1 501
92	537	0.2	1	2 535
93	573	0.2	1	0 573
94	807	0.2	1	2 805
95	1039	0.2	1	0 1039
96	1527	0.2	1	3 1524
97	2352	0.2	1	2 2350
98	3873	0.2	1	1 3872
99	6981	0.2	1	0 6981
100	20663	0.2	1	0 20663
101	64169	0.2	1	0 64169

RUN STATISTICS FOR INPUT FILE: data/raw/SRR1979925_R1.fastq.gz
=============================================
10396363 sequences processed in total
Sequences removed because they became shorter than the length cutoff of 20 bp:	527336 (5.1%)

Writing report to '/scratch/lustre/home/mekl0332/Mouse_Aging/results/trimmed/SRR1979925_R2.fastq.gz_trimming_report.txt'

SUMMARISING RUN PARAMETERS
==========================
Input filename: data/raw/SRR1979925_R2.fastq.gz
Trimming mode: single-end
Trim Galore version: 0.6.10
Cutadapt version: 5.0
Number of cores used for trimming: 1
Quality Phred score cutoff: 20
Quality encoding type selected: ASCII+33
Adapter sequence: 'AGATCGGAAGAGC' (Illumina TruSeq, Sanger iPCR; auto-detected)
Maximum trimming error rate: 0.1 (default)
Minimum required adapter overlap (stringency): 1 bp
Minimum required sequence length before a sequence gets removed: 20 bp
Output file(s) will be GZIP compressed

Cutadapt seems to be fairly up-to-date (version 5.0). Setting -j -j 1
Writing final adapter and quality trimmed output to SRR1979925_R2_trimmed.fq.gz


  >>> Now performing quality (cutoff '-q 20') and adapter trimming in a single pass for the adapter sequence: 'AGATCGGAAGAGC' from file data/raw/SRR1979925_R2.fastq.gz <<< 
This is cutadapt 5.0 with Python 3.9.19
Command line parameters: -j 1 -e 0.1 -q 20 -O 1 -a AGATCGGAAGAGC data/raw/SRR1979925_R2.fastq.gz
Input file format not recognized. The file starts with b'\n\n\n\n', but files in supported formats start with '>' (FASTA), '@' (FASTQ) or 'BAM'


Cutadapt terminated with exit signal: '256'.
Terminating Trim Galore run, please check error message(s) to get an idea what went wrong...

[Mon Apr  7 01:06:34 2025]
Error in rule trim_galore:
    jobid: 12
    input: data/raw/SRR1979925_R1.fastq.gz, data/raw/SRR1979925_R2.fastq.gz
    output: results/trimmed/SRR1979925_R1_trimmed.fq.gz, results/trimmed/SRR1979925_R2_trimmed.fq.gz
    conda-env: /scratch/lustre/home/mekl0332/Mouse_Aging/.snakemake/conda/95b03055a948845c379bc054721a8af0_
    shell:
        trim_galore  --gzip -o results/trimmed data/raw/SRR1979925_R1.fastq.gz data/raw/SRR1979925_R2.fastq.gz
        (one of the commands exited with non-zero exit code; note that snakemake uses bash strict mode!)

Removing output files of failed job trim_galore since they might be corrupted:
results/trimmed/SRR1979925_R1_trimmed.fq.gz, results/trimmed/SRR1979925_R2_trimmed.fq.gz
Select jobs to execute...

[Mon Apr  7 01:06:34 2025]
rule trim_galore:
    input: data/raw/SRR1979930_R1.fastq.gz, data/raw/SRR1979930_R2.fastq.gz
    output: results/trimmed/SRR1979930_R1_trimmed.fq.gz, results/trimmed/SRR1979930_R2_trimmed.fq.gz
    jobid: 6
    reason: Missing output files: results/trimmed/SRR1979930_R2_trimmed.fq.gz, results/trimmed/SRR1979930_R1_trimmed.fq.gz
    wildcards: sample=SRR1979930
    threads: 4
    resources: tmpdir=/tmp/slurm-mekl0332-165828

trim_galore  --gzip -o results/trimmed data/raw/SRR1979930_R1.fastq.gz data/raw/SRR1979930_R2.fastq.gz
Activating conda environment: .snakemake/conda/95b03055a948845c379bc054721a8af0_
Multicore support not enabled. Proceeding with single-core trimming.
Path to Cutadapt set as: 'cutadapt' (default)
Cutadapt seems to be working fine (tested command 'cutadapt --version')
Cutadapt version: 5.0
single-core operation.
igzip detected. Using igzip for decompressing

No quality encoding type selected. Assuming that the data provided uses Sanger encoded Phred scores (default)

Output will be written into the directory: /scratch/lustre/home/mekl0332/Mouse_Aging/results/trimmed/


AUTO-DETECTING ADAPTER TYPE
===========================
Attempting to auto-detect adapter type from the first 1 million sequences of the first file (>> data/raw/SRR1979930_R1.fastq.gz <<)

Found perfect matches for the following adapter sequences:
Adapter type	Count	Sequence	Sequences analysed	Percentage
Illumina	527	AGATCGGAAGAGC	1000000	0.05
smallRNA	1	TGGAATTCTCGG	1000000	0.00
Nextera	0	CTGTCTCTTATA	1000000	0.00
Using Illumina adapter for trimming (count: 527). Second best hit was smallRNA (count: 1)

Writing report to '/scratch/lustre/home/mekl0332/Mouse_Aging/results/trimmed/SRR1979930_R1.fastq.gz_trimming_report.txt'

SUMMARISING RUN PARAMETERS
==========================
Input filename: data/raw/SRR1979930_R1.fastq.gz
Trimming mode: single-end
Trim Galore version: 0.6.10
Cutadapt version: 5.0
Number of cores used for trimming: 1
Quality Phred score cutoff: 20
Quality encoding type selected: ASCII+33
Adapter sequence: 'AGATCGGAAGAGC' (Illumina TruSeq, Sanger iPCR; auto-detected)
Maximum trimming error rate: 0.1 (default)
Minimum required adapter overlap (stringency): 1 bp
Minimum required sequence length before a sequence gets removed: 20 bp
Output file(s) will be GZIP compressed

Cutadapt seems to be fairly up-to-date (version 5.0). Setting -j 1
Writing final adapter and quality trimmed output to SRR1979930_R1_trimmed.fq.gz


  >>> Now performing quality (cutoff '-q 20') and adapter trimming in a single pass for the adapter sequence: 'AGATCGGAAGAGC' from file data/raw/SRR1979930_R1.fastq.gz <<< 
10000000 sequences processed
This is cutadapt 5.0 with Python 3.9.19
Command line parameters: -j 1 -e 0.1 -q 20 -O 1 -a AGATCGGAAGAGC data/raw/SRR1979930_R1.fastq.gz
Processing single-end reads on 1 core ...

=== Summary ===

Total reads processed:              17,114,514
Reads with adapters:                 4,562,271 (26.7%)
Reads written (passing filters):    17,114,514 (100.0%)

Total basepairs processed: 1,728,565,914 bp
Quality-trimmed:              35,051,537 bp (2.0%)
Total written (filtered):  1,661,484,798 bp (96.1%)

=== Adapter 1 ===

Sequence: AGATCGGAAGAGC; Type: regular 3'; Length: 13; Trimmed: 4562271 times

Minimum overlap: 1
No. of allowed errors:
1-9 bp: 0; 10-13 bp: 1

Bases preceding removed adapters:
  A: 28.4%
  C: 29.5%
  G: 21.4%
  T: 13.6%
  none/other: 7.1%

Overview of removed sequences
length	count	expect	max.err	error counts
1	2742716	4278628.5	0	2742716
2	1197553	1069657.1	0	1197553
3	229563	267414.3	0	229563
4	37822	66853.6	0	37822
5	10595	16713.4	0	10595
6	2425	4178.3	0	2425
7	1624	1044.6	0	1624
8	683	261.1	0	683
9	1081	65.3	0	745 336
10	1352	16.3	1	873 479
11	650	4.1	1	448 202
12	899	1.0	1	802 97
13	550	0.3	1	516 34
14	611	0.3	1	568 43
15	540	0.3	1	500 40
16	520	0.3	1	476 44
17	474	0.3	1	435 39
18	471	0.3	1	417 54
19	295	0.3	1	260 35
20	344	0.3	1	317 27
21	316	0.3	1	282 34
22	343	0.3	1	293 50
23	285	0.3	1	246 39
24	324	0.3	1	279 45
25	298	0.3	1	242 56
26	280	0.3	1	209 71
27	337	0.3	1	224 113
28	364	0.3	1	292 72
29	229	0.3	1	182 47
30	305	0.3	1	268 37
31	297	0.3	1	187 110
32	281	0.3	1	226 55
33	233	0.3	1	168 65
34	281	0.3	1	219 62
35	370	0.3	1	326 44
36	229	0.3	1	181 48
37	186	0.3	1	148 38
38	178	0.3	1	149 29
39	236	0.3	1	148 88
40	204	0.3	1	170 34
41	185	0.3	1	115 70
42	220	0.3	1	151 69
43	185	0.3	1	136 49
44	155	0.3	1	108 47
45	148	0.3	1	110 38
46	141	0.3	1	98 43
47	166	0.3	1	109 57
48	152	0.3	1	76 76
49	113	0.3	1	75 38
50	119	0.3	1	73 46
51	136	0.3	1	78 58
52	164	0.3	1	82 82
53	102	0.3	1	72 30
54	74	0.3	1	38 36
55	72	0.3	1	35 37
56	74	0.3	1	41 33
57	87	0.3	1	37 50
58	116	0.3	1	37 79
59	102	0.3	1	33 69
60	102	0.3	1	22 80
61	122	0.3	1	35 87
62	267	0.3	1	27 240
63	626	0.3	1	28 598
64	252	0.3	1	13 239
65	306	0.3	1	11 295
66	412	0.3	1	13 399
67	1421	0.3	1	13 1408
68	1726	0.3	1	8 1718
69	14900	0.3	1	10 14890
70	20966	0.3	1	27 20939
71	38892	0.3	1	29 38863
72	38284	0.3	1	21 38263
73	33525	0.3	1	24 33501
74	34659	0.3	1	20 34639
75	4671	0.3	1	21 4650
76	6125	0.3	1	11 6114
77	10231	0.3	1	7 10224
78	10086	0.3	1	3 10083
79	8712	0.3	1	6 8706
80	7955	0.3	1	5 7950
81	6765	0.3	1	3 6762
82	5905	0.3	1	3 5902
83	3969	0.3	1	1 3968
84	2660	0.3	1	1 2659
85	2950	0.3	1	0 2950
86	1468	0.3	1	1 1467
87	912	0.3	1	1 911
88	470	0.3	1	1 469
89	356	0.3	1	2 354
90	303	0.3	1	1 302
91	294	0.3	1	1 293
92	313	0.3	1	2 311
93	368	0.3	1	0 368
94	513	0.3	1	0 513
95	661	0.3	1	1 660
96	976	0.3	1	2 974
97	1458	0.3	1	1 1457
98	2495	0.3	1	0 2495
99	4310	0.3	1	0 4310
100	12625	0.3	1	1 12624
101	39405	0.3	1	1 39404

RUN STATISTICS FOR INPUT FILE: data/raw/SRR1979930_R1.fastq.gz
=============================================
17114514 sequences processed in total
Sequences removed because they became shorter than the length cutoff of 20 bp:	327530 (1.9%)

Writing report to '/scratch/lustre/home/mekl0332/Mouse_Aging/results/trimmed/SRR1979930_R2.fastq.gz_trimming_report.txt'

SUMMARISING RUN PARAMETERS
==========================
Input filename: data/raw/SRR1979930_R2.fastq.gz
Trimming mode: single-end
Trim Galore version: 0.6.10
Cutadapt version: 5.0
Number of cores used for trimming: 1
Quality Phred score cutoff: 20
Quality encoding type selected: ASCII+33
Adapter sequence: 'AGATCGGAAGAGC' (Illumina TruSeq, Sanger iPCR; auto-detected)
Maximum trimming error rate: 0.1 (default)
Minimum required adapter overlap (stringency): 1 bp
Minimum required sequence length before a sequence gets removed: 20 bp
Output file(s) will be GZIP compressed

Cutadapt seems to be fairly up-to-date (version 5.0). Setting -j -j 1
Writing final adapter and quality trimmed output to SRR1979930_R2_trimmed.fq.gz


  >>> Now performing quality (cutoff '-q 20') and adapter trimming in a single pass for the adapter sequence: 'AGATCGGAAGAGC' from file data/raw/SRR1979930_R2.fastq.gz <<< 
This is cutadapt 5.0 with Python 3.9.19
Command line parameters: -j 1 -e 0.1 -q 20 -O 1 -a AGATCGGAAGAGC data/raw/SRR1979930_R2.fastq.gz
Input file format not recognized. The file starts with b'\n\n\n\n', but files in supported formats start with '>' (FASTA), '@' (FASTQ) or 'BAM'


Cutadapt terminated with exit signal: '256'.
Terminating Trim Galore run, please check error message(s) to get an idea what went wrong...

[Mon Apr  7 01:15:01 2025]
Error in rule trim_galore:
    jobid: 6
    input: data/raw/SRR1979930_R1.fastq.gz, data/raw/SRR1979930_R2.fastq.gz
    output: results/trimmed/SRR1979930_R1_trimmed.fq.gz, results/trimmed/SRR1979930_R2_trimmed.fq.gz
    conda-env: /scratch/lustre/home/mekl0332/Mouse_Aging/.snakemake/conda/95b03055a948845c379bc054721a8af0_
    shell:
        trim_galore  --gzip -o results/trimmed data/raw/SRR1979930_R1.fastq.gz data/raw/SRR1979930_R2.fastq.gz
        (one of the commands exited with non-zero exit code; note that snakemake uses bash strict mode!)

Removing output files of failed job trim_galore since they might be corrupted:
results/trimmed/SRR1979930_R1_trimmed.fq.gz, results/trimmed/SRR1979930_R2_trimmed.fq.gz
Select jobs to execute...

[Mon Apr  7 01:15:01 2025]
rule trim_galore:
    input: data/raw/SRR1979921_R1.fastq.gz, data/raw/SRR1979921_R2.fastq.gz
    output: results/trimmed/SRR1979921_R1_trimmed.fq.gz, results/trimmed/SRR1979921_R2_trimmed.fq.gz
    jobid: 9
    reason: Missing output files: results/trimmed/SRR1979921_R1_trimmed.fq.gz, results/trimmed/SRR1979921_R2_trimmed.fq.gz
    wildcards: sample=SRR1979921
    threads: 4
    resources: tmpdir=/tmp/slurm-mekl0332-165828

trim_galore  --gzip -o results/trimmed data/raw/SRR1979921_R1.fastq.gz data/raw/SRR1979921_R2.fastq.gz
Activating conda environment: .snakemake/conda/95b03055a948845c379bc054721a8af0_
Multicore support not enabled. Proceeding with single-core trimming.
Path to Cutadapt set as: 'cutadapt' (default)
Cutadapt seems to be working fine (tested command 'cutadapt --version')
Cutadapt version: 5.0
single-core operation.
igzip detected. Using igzip for decompressing

No quality encoding type selected. Assuming that the data provided uses Sanger encoded Phred scores (default)

Output will be written into the directory: /scratch/lustre/home/mekl0332/Mouse_Aging/results/trimmed/


AUTO-DETECTING ADAPTER TYPE
===========================
Attempting to auto-detect adapter type from the first 1 million sequences of the first file (>> data/raw/SRR1979921_R1.fastq.gz <<)

Found perfect matches for the following adapter sequences:
Adapter type	Count	Sequence	Sequences analysed	Percentage
Illumina	507	AGATCGGAAGAGC	1000000	0.05
Nextera	5	CTGTCTCTTATA	1000000	0.00
smallRNA	3	TGGAATTCTCGG	1000000	0.00
Using Illumina adapter for trimming (count: 507). Second best hit was Nextera (count: 5)

Writing report to '/scratch/lustre/home/mekl0332/Mouse_Aging/results/trimmed/SRR1979921_R1.fastq.gz_trimming_report.txt'

SUMMARISING RUN PARAMETERS
==========================
Input filename: data/raw/SRR1979921_R1.fastq.gz
Trimming mode: single-end
Trim Galore version: 0.6.10
Cutadapt version: 5.0
Number of cores used for trimming: 1
Quality Phred score cutoff: 20
Quality encoding type selected: ASCII+33
Adapter sequence: 'AGATCGGAAGAGC' (Illumina TruSeq, Sanger iPCR; auto-detected)
Maximum trimming error rate: 0.1 (default)
Minimum required adapter overlap (stringency): 1 bp
Minimum required sequence length before a sequence gets removed: 20 bp
Output file(s) will be GZIP compressed

Cutadapt seems to be fairly up-to-date (version 5.0). Setting -j 1
Writing final adapter and quality trimmed output to SRR1979921_R1_trimmed.fq.gz


  >>> Now performing quality (cutoff '-q 20') and adapter trimming in a single pass for the adapter sequence: 'AGATCGGAAGAGC' from file data/raw/SRR1979921_R1.fastq.gz <<< 
10000000 sequences processed
This is cutadapt 5.0 with Python 3.9.19
Command line parameters: -j 1 -e 0.1 -q 20 -O 1 -a AGATCGGAAGAGC data/raw/SRR1979921_R1.fastq.gz
Processing single-end reads on 1 core ...

=== Summary ===

Total reads processed:              17,238,068
Reads with adapters:                 5,327,421 (30.9%)
Reads written (passing filters):    17,238,068 (100.0%)

Total basepairs processed: 1,741,044,868 bp
Quality-trimmed:              44,899,250 bp (2.6%)
Total written (filtered):  1,616,405,862 bp (92.8%)

=== Adapter 1 ===

Sequence: AGATCGGAAGAGC; Type: regular 3'; Length: 13; Trimmed: 5327421 times

Minimum overlap: 1
No. of allowed errors:
1-9 bp: 0; 10-13 bp: 1

Bases preceding removed adapters:
  A: 26.5%
  C: 25.2%
  G: 18.1%
  T: 12.9%
  none/other: 17.3%

Overview of removed sequences
length	count	expect	max.err	error counts
1	2934152	4309517.0	0	2934152
2	1153086	1077379.2	0	1153086
3	241648	269344.8	0	241648
4	41125	67336.2	0	41125
5	11842	16834.1	0	11842
6	2958	4208.5	0	2958
7	2098	1052.1	0	2098
8	1064	263.0	0	1064
9	1465	65.8	0	1133 332
10	1451	16.4	1	1013 438
11	895	4.1	1	696 199
12	916	1.0	1	847 69
13	652	0.3	1	607 45
14	582	0.3	1	555 27
15	569	0.3	1	537 32
16	468	0.3	1	422 46
17	457	0.3	1	412 45
18	381	0.3	1	345 36
19	248	0.3	1	211 37
20	296	0.3	1	266 30
21	295	0.3	1	265 30
22	278	0.3	1	248 30
23	308	0.3	1	237 71
24	231	0.3	1	170 61
25	306	0.3	1	176 130
26	272	0.3	1	170 102
27	503	0.3	1	241 262
28	347	0.3	1	239 108
29	258	0.3	1	153 105
30	227	0.3	1	173 54
31	199	0.3	1	126 73
32	214	0.3	1	152 62
33	190	0.3	1	113 77
34	333	0.3	1	152 181
35	525	0.3	1	296 229
36	223	0.3	1	156 67
37	238	0.3	1	135 103
38	277	0.3	1	187 90
39	188	0.3	1	130 58
40	145	0.3	1	89 56
41	176	0.3	1	98 78
42	206	0.3	1	121 85
43	223	0.3	1	118 105
44	243	0.3	1	90 153
45	229	0.3	1	94 135
46	166	0.3	1	108 58
47	148	0.3	1	82 66
48	239	0.3	1	78 161
49	142	0.3	1	67 75
50	147	0.3	1	70 77
51	214	0.3	1	84 130
52	294	0.3	1	51 243
53	146	0.3	1	83 63
54	79	0.3	1	28 51
55	123	0.3	1	52 71
56	156	0.3	1	50 106
57	212	0.3	1	44 168
58	225	0.3	1	43 182
59	208	0.3	1	40 168
60	276	0.3	1	24 252
61	242	0.3	1	26 216
62	839	0.3	1	25 814
63	1842	0.3	1	34 1808
64	708	0.3	1	16 692
65	653	0.3	1	13 640
66	1086	0.3	1	27 1059
67	3795	0.3	1	14 3781
68	5042	0.3	1	21 5021
69	38628	0.3	1	18 38610
70	55409	0.3	1	61 55348
71	106453	0.3	1	71 106382
72	108161	0.3	1	75 108086
73	94091	0.3	1	57 94034
74	99144	0.3	1	68 99076
75	14198	0.3	1	33 14165
76	18280	0.3	1	22 18258
77	30953	0.3	1	16 30937
78	30503	0.3	1	14 30489
79	26211	0.3	1	8 26203
80	24012	0.3	1	9 24003
81	20692	0.3	1	4 20688
82	18371	0.3	1	6 18365
83	12509	0.3	1	3 12506
84	8335	0.3	1	6 8329
85	9699	0.3	1	5 9694
86	4933	0.3	1	5 4928
87	2966	0.3	1	2 2964
88	1561	0.3	1	7 1554
89	1289	0.3	1	7 1282
90	916	0.3	1	8 908
91	827	0.3	1	4 823
92	879	0.3	1	9 870
93	1058	0.3	1	5 1053
94	1370	0.3	1	1 1369
95	1872	0.3	1	8 1864
96	2715	0.3	1	1 2714
97	4007	0.3	1	1 4006
98	6789	0.3	1	0 6789
99	12370	0.3	1	5 12365
100	36447	0.3	1	3 36444
101	111804	0.3	1	3 111801

RUN STATISTICS FOR INPUT FILE: data/raw/SRR1979921_R1.fastq.gz
=============================================
17238068 sequences processed in total
Sequences removed because they became shorter than the length cutoff of 20 bp:	927797 (5.4%)

Writing report to '/scratch/lustre/home/mekl0332/Mouse_Aging/results/trimmed/SRR1979921_R2.fastq.gz_trimming_report.txt'

SUMMARISING RUN PARAMETERS
==========================
Input filename: data/raw/SRR1979921_R2.fastq.gz
Trimming mode: single-end
Trim Galore version: 0.6.10
Cutadapt version: 5.0
Number of cores used for trimming: 1
Quality Phred score cutoff: 20
Quality encoding type selected: ASCII+33
Adapter sequence: 'AGATCGGAAGAGC' (Illumina TruSeq, Sanger iPCR; auto-detected)
Maximum trimming error rate: 0.1 (default)
Minimum required adapter overlap (stringency): 1 bp
Minimum required sequence length before a sequence gets removed: 20 bp
Output file(s) will be GZIP compressed

Cutadapt seems to be fairly up-to-date (version 5.0). Setting -j -j 1
Writing final adapter and quality trimmed output to SRR1979921_R2_trimmed.fq.gz


  >>> Now performing quality (cutoff '-q 20') and adapter trimming in a single pass for the adapter sequence: 'AGATCGGAAGAGC' from file data/raw/SRR1979921_R2.fastq.gz <<< 
This is cutadapt 5.0 with Python 3.9.19
Command line parameters: -j 1 -e 0.1 -q 20 -O 1 -a AGATCGGAAGAGC data/raw/SRR1979921_R2.fastq.gz
Input file format not recognized. The file starts with b'\n\n\n\n', but files in supported formats start with '>' (FASTA), '@' (FASTQ) or 'BAM'


Cutadapt terminated with exit signal: '256'.
Terminating Trim Galore run, please check error message(s) to get an idea what went wrong...

[Mon Apr  7 01:23:06 2025]
Error in rule trim_galore:
    jobid: 9
    input: data/raw/SRR1979921_R1.fastq.gz, data/raw/SRR1979921_R2.fastq.gz
    output: results/trimmed/SRR1979921_R1_trimmed.fq.gz, results/trimmed/SRR1979921_R2_trimmed.fq.gz
    conda-env: /scratch/lustre/home/mekl0332/Mouse_Aging/.snakemake/conda/95b03055a948845c379bc054721a8af0_
    shell:
        trim_galore  --gzip -o results/trimmed data/raw/SRR1979921_R1.fastq.gz data/raw/SRR1979921_R2.fastq.gz
        (one of the commands exited with non-zero exit code; note that snakemake uses bash strict mode!)

Removing output files of failed job trim_galore since they might be corrupted:
results/trimmed/SRR1979921_R1_trimmed.fq.gz, results/trimmed/SRR1979921_R2_trimmed.fq.gz
Trying to restart job 9.
Select jobs to execute...

[Mon Apr  7 01:23:06 2025]
rule trim_galore:
    input: data/raw/SRR1979921_R1.fastq.gz, data/raw/SRR1979921_R2.fastq.gz
    output: results/trimmed/SRR1979921_R1_trimmed.fq.gz, results/trimmed/SRR1979921_R2_trimmed.fq.gz
    jobid: 9
    reason: Missing output files: results/trimmed/SRR1979921_R1_trimmed.fq.gz, results/trimmed/SRR1979921_R2_trimmed.fq.gz
    wildcards: sample=SRR1979921
    threads: 4
    resources: tmpdir=/tmp/slurm-mekl0332-165828

trim_galore  --gzip -o results/trimmed data/raw/SRR1979921_R1.fastq.gz data/raw/SRR1979921_R2.fastq.gz
Activating conda environment: .snakemake/conda/95b03055a948845c379bc054721a8af0_
Multicore support not enabled. Proceeding with single-core trimming.
Path to Cutadapt set as: 'cutadapt' (default)
Cutadapt seems to be working fine (tested command 'cutadapt --version')
Cutadapt version: 5.0
single-core operation.
igzip detected. Using igzip for decompressing

No quality encoding type selected. Assuming that the data provided uses Sanger encoded Phred scores (default)

Output will be written into the directory: /scratch/lustre/home/mekl0332/Mouse_Aging/results/trimmed/


AUTO-DETECTING ADAPTER TYPE
===========================
Attempting to auto-detect adapter type from the first 1 million sequences of the first file (>> data/raw/SRR1979921_R1.fastq.gz <<)

Found perfect matches for the following adapter sequences:
Adapter type	Count	Sequence	Sequences analysed	Percentage
Illumina	507	AGATCGGAAGAGC	1000000	0.05
Nextera	5	CTGTCTCTTATA	1000000	0.00
smallRNA	3	TGGAATTCTCGG	1000000	0.00
Using Illumina adapter for trimming (count: 507). Second best hit was Nextera (count: 5)

Writing report to '/scratch/lustre/home/mekl0332/Mouse_Aging/results/trimmed/SRR1979921_R1.fastq.gz_trimming_report.txt'

SUMMARISING RUN PARAMETERS
==========================
Input filename: data/raw/SRR1979921_R1.fastq.gz
Trimming mode: single-end
Trim Galore version: 0.6.10
Cutadapt version: 5.0
Number of cores used for trimming: 1
Quality Phred score cutoff: 20
Quality encoding type selected: ASCII+33
Adapter sequence: 'AGATCGGAAGAGC' (Illumina TruSeq, Sanger iPCR; auto-detected)
Maximum trimming error rate: 0.1 (default)
Minimum required adapter overlap (stringency): 1 bp
Minimum required sequence length before a sequence gets removed: 20 bp
Output file(s) will be GZIP compressed

Cutadapt seems to be fairly up-to-date (version 5.0). Setting -j 1
Writing final adapter and quality trimmed output to SRR1979921_R1_trimmed.fq.gz


  >>> Now performing quality (cutoff '-q 20') and adapter trimming in a single pass for the adapter sequence: 'AGATCGGAAGAGC' from file data/raw/SRR1979921_R1.fastq.gz <<< 
10000000 sequences processed
This is cutadapt 5.0 with Python 3.9.19
Command line parameters: -j 1 -e 0.1 -q 20 -O 1 -a AGATCGGAAGAGC data/raw/SRR1979921_R1.fastq.gz
Processing single-end reads on 1 core ...

=== Summary ===

Total reads processed:              17,238,068
Reads with adapters:                 5,327,421 (30.9%)
Reads written (passing filters):    17,238,068 (100.0%)

Total basepairs processed: 1,741,044,868 bp
Quality-trimmed:              44,899,250 bp (2.6%)
Total written (filtered):  1,616,405,862 bp (92.8%)

=== Adapter 1 ===

Sequence: AGATCGGAAGAGC; Type: regular 3'; Length: 13; Trimmed: 5327421 times

Minimum overlap: 1
No. of allowed errors:
1-9 bp: 0; 10-13 bp: 1

Bases preceding removed adapters:
  A: 26.5%
  C: 25.2%
  G: 18.1%
  T: 12.9%
  none/other: 17.3%

Overview of removed sequences
length	count	expect	max.err	error counts
1	2934152	4309517.0	0	2934152
2	1153086	1077379.2	0	1153086
3	241648	269344.8	0	241648
4	41125	67336.2	0	41125
5	11842	16834.1	0	11842
6	2958	4208.5	0	2958
7	2098	1052.1	0	2098
8	1064	263.0	0	1064
9	1465	65.8	0	1133 332
10	1451	16.4	1	1013 438
11	895	4.1	1	696 199
12	916	1.0	1	847 69
13	652	0.3	1	607 45
14	582	0.3	1	555 27
15	569	0.3	1	537 32
16	468	0.3	1	422 46
17	457	0.3	1	412 45
18	381	0.3	1	345 36
19	248	0.3	1	211 37
20	296	0.3	1	266 30
21	295	0.3	1	265 30
22	278	0.3	1	248 30
23	308	0.3	1	237 71
24	231	0.3	1	170 61
25	306	0.3	1	176 130
26	272	0.3	1	170 102
27	503	0.3	1	241 262
28	347	0.3	1	239 108
29	258	0.3	1	153 105
30	227	0.3	1	173 54
31	199	0.3	1	126 73
32	214	0.3	1	152 62
33	190	0.3	1	113 77
34	333	0.3	1	152 181
35	525	0.3	1	296 229
36	223	0.3	1	156 67
37	238	0.3	1	135 103
38	277	0.3	1	187 90
39	188	0.3	1	130 58
40	145	0.3	1	89 56
41	176	0.3	1	98 78
42	206	0.3	1	121 85
43	223	0.3	1	118 105
44	243	0.3	1	90 153
45	229	0.3	1	94 135
46	166	0.3	1	108 58
47	148	0.3	1	82 66
48	239	0.3	1	78 161
49	142	0.3	1	67 75
50	147	0.3	1	70 77
51	214	0.3	1	84 130
52	294	0.3	1	51 243
53	146	0.3	1	83 63
54	79	0.3	1	28 51
55	123	0.3	1	52 71
56	156	0.3	1	50 106
57	212	0.3	1	44 168
58	225	0.3	1	43 182
59	208	0.3	1	40 168
60	276	0.3	1	24 252
61	242	0.3	1	26 216
62	839	0.3	1	25 814
63	1842	0.3	1	34 1808
64	708	0.3	1	16 692
65	653	0.3	1	13 640
66	1086	0.3	1	27 1059
67	3795	0.3	1	14 3781
68	5042	0.3	1	21 5021
69	38628	0.3	1	18 38610
70	55409	0.3	1	61 55348
71	106453	0.3	1	71 106382
72	108161	0.3	1	75 108086
73	94091	0.3	1	57 94034
74	99144	0.3	1	68 99076
75	14198	0.3	1	33 14165
76	18280	0.3	1	22 18258
77	30953	0.3	1	16 30937
78	30503	0.3	1	14 30489
79	26211	0.3	1	8 26203
80	24012	0.3	1	9 24003
81	20692	0.3	1	4 20688
82	18371	0.3	1	6 18365
83	12509	0.3	1	3 12506
84	8335	0.3	1	6 8329
85	9699	0.3	1	5 9694
86	4933	0.3	1	5 4928
87	2966	0.3	1	2 2964
88	1561	0.3	1	7 1554
89	1289	0.3	1	7 1282
90	916	0.3	1	8 908
91	827	0.3	1	4 823
92	879	0.3	1	9 870
93	1058	0.3	1	5 1053
94	1370	0.3	1	1 1369
95	1872	0.3	1	8 1864
96	2715	0.3	1	1 2714
97	4007	0.3	1	1 4006
98	6789	0.3	1	0 6789
99	12370	0.3	1	5 12365
100	36447	0.3	1	3 36444
101	111804	0.3	1	3 111801

RUN STATISTICS FOR INPUT FILE: data/raw/SRR1979921_R1.fastq.gz
=============================================
17238068 sequences processed in total
Sequences removed because they became shorter than the length cutoff of 20 bp:	927797 (5.4%)

Writing report to '/scratch/lustre/home/mekl0332/Mouse_Aging/results/trimmed/SRR1979921_R2.fastq.gz_trimming_report.txt'

SUMMARISING RUN PARAMETERS
==========================
Input filename: data/raw/SRR1979921_R2.fastq.gz
Trimming mode: single-end
Trim Galore version: 0.6.10
Cutadapt version: 5.0
Number of cores used for trimming: 1
Quality Phred score cutoff: 20
Quality encoding type selected: ASCII+33
Adapter sequence: 'AGATCGGAAGAGC' (Illumina TruSeq, Sanger iPCR; auto-detected)
Maximum trimming error rate: 0.1 (default)
Minimum required adapter overlap (stringency): 1 bp
Minimum required sequence length before a sequence gets removed: 20 bp
Output file(s) will be GZIP compressed

Cutadapt seems to be fairly up-to-date (version 5.0). Setting -j -j 1
Writing final adapter and quality trimmed output to SRR1979921_R2_trimmed.fq.gz


  >>> Now performing quality (cutoff '-q 20') and adapter trimming in a single pass for the adapter sequence: 'AGATCGGAAGAGC' from file data/raw/SRR1979921_R2.fastq.gz <<< 
This is cutadapt 5.0 with Python 3.9.19
Command line parameters: -j 1 -e 0.1 -q 20 -O 1 -a AGATCGGAAGAGC data/raw/SRR1979921_R2.fastq.gz
Input file format not recognized. The file starts with b'\n\n\n\n', but files in supported formats start with '>' (FASTA), '@' (FASTQ) or 'BAM'


Cutadapt terminated with exit signal: '256'.
Terminating Trim Galore run, please check error message(s) to get an idea what went wrong...

[Mon Apr  7 01:31:11 2025]
Error in rule trim_galore:
    jobid: 9
    input: data/raw/SRR1979921_R1.fastq.gz, data/raw/SRR1979921_R2.fastq.gz
    output: results/trimmed/SRR1979921_R1_trimmed.fq.gz, results/trimmed/SRR1979921_R2_trimmed.fq.gz
    conda-env: /scratch/lustre/home/mekl0332/Mouse_Aging/.snakemake/conda/95b03055a948845c379bc054721a8af0_
    shell:
        trim_galore  --gzip -o results/trimmed data/raw/SRR1979921_R1.fastq.gz data/raw/SRR1979921_R2.fastq.gz
        (one of the commands exited with non-zero exit code; note that snakemake uses bash strict mode!)

Removing output files of failed job trim_galore since they might be corrupted:
results/trimmed/SRR1979921_R1_trimmed.fq.gz, results/trimmed/SRR1979921_R2_trimmed.fq.gz
Select jobs to execute...

[Mon Apr  7 01:31:12 2025]
rule trim_galore:
    input: data/raw/SRR1979927_R1.fastq.gz, data/raw/SRR1979927_R2.fastq.gz
    output: results/trimmed/SRR1979927_R1_trimmed.fq.gz, results/trimmed/SRR1979927_R2_trimmed.fq.gz
    jobid: 3
    reason: Missing output files: results/trimmed/SRR1979927_R2_trimmed.fq.gz, results/trimmed/SRR1979927_R1_trimmed.fq.gz
    wildcards: sample=SRR1979927
    threads: 4
    resources: tmpdir=/tmp/slurm-mekl0332-165828

trim_galore  --gzip -o results/trimmed data/raw/SRR1979927_R1.fastq.gz data/raw/SRR1979927_R2.fastq.gz
Activating conda environment: .snakemake/conda/95b03055a948845c379bc054721a8af0_
Multicore support not enabled. Proceeding with single-core trimming.
Path to Cutadapt set as: 'cutadapt' (default)
Cutadapt seems to be working fine (tested command 'cutadapt --version')
Cutadapt version: 5.0
single-core operation.
igzip detected. Using igzip for decompressing

No quality encoding type selected. Assuming that the data provided uses Sanger encoded Phred scores (default)

Output will be written into the directory: /scratch/lustre/home/mekl0332/Mouse_Aging/results/trimmed/


AUTO-DETECTING ADAPTER TYPE
===========================
Attempting to auto-detect adapter type from the first 1 million sequences of the first file (>> data/raw/SRR1979927_R1.fastq.gz <<)

Found perfect matches for the following adapter sequences:
Adapter type	Count	Sequence	Sequences analysed	Percentage
Illumina	594	AGATCGGAAGAGC	1000000	0.06
Nextera	6	CTGTCTCTTATA	1000000	0.00
smallRNA	0	TGGAATTCTCGG	1000000	0.00
Using Illumina adapter for trimming (count: 594). Second best hit was Nextera (count: 6)

Writing report to '/scratch/lustre/home/mekl0332/Mouse_Aging/results/trimmed/SRR1979927_R1.fastq.gz_trimming_report.txt'

SUMMARISING RUN PARAMETERS
==========================
Input filename: data/raw/SRR1979927_R1.fastq.gz
Trimming mode: single-end
Trim Galore version: 0.6.10
Cutadapt version: 5.0
Number of cores used for trimming: 1
Quality Phred score cutoff: 20
Quality encoding type selected: ASCII+33
Adapter sequence: 'AGATCGGAAGAGC' (Illumina TruSeq, Sanger iPCR; auto-detected)
Maximum trimming error rate: 0.1 (default)
Minimum required adapter overlap (stringency): 1 bp
Minimum required sequence length before a sequence gets removed: 20 bp
Output file(s) will be GZIP compressed

Cutadapt seems to be fairly up-to-date (version 5.0). Setting -j 1
Writing final adapter and quality trimmed output to SRR1979927_R1_trimmed.fq.gz


  >>> Now performing quality (cutoff '-q 20') and adapter trimming in a single pass for the adapter sequence: 'AGATCGGAAGAGC' from file data/raw/SRR1979927_R1.fastq.gz <<< 
10000000 sequences processed
This is cutadapt 5.0 with Python 3.9.19
Command line parameters: -j 1 -e 0.1 -q 20 -O 1 -a AGATCGGAAGAGC data/raw/SRR1979927_R1.fastq.gz
Processing single-end reads on 1 core ...

=== Summary ===

Total reads processed:              11,489,744
Reads with adapters:                 3,723,904 (32.4%)
Reads written (passing filters):    11,489,744 (100.0%)

Total basepairs processed: 1,160,464,144 bp
Quality-trimmed:              38,151,649 bp (3.3%)
Total written (filtered):  1,041,213,563 bp (89.7%)

=== Adapter 1 ===

Sequence: AGATCGGAAGAGC; Type: regular 3'; Length: 13; Trimmed: 3723904 times

Minimum overlap: 1
No. of allowed errors:
1-9 bp: 0; 10-13 bp: 1

Bases preceding removed adapters:
  A: 23.4%
  C: 22.9%
  G: 16.5%
  T: 11.2%
  none/other: 26.1%

Overview of removed sequences
length	count	expect	max.err	error counts
1	1815656	2872436.0	0	1815656
2	742153	718109.0	0	742153
3	149852	179527.2	0	149852
4	24478	44881.8	0	24478
5	6990	11220.5	0	6990
6	1526	2805.1	0	1526
7	975	701.3	0	975
8	508	175.3	0	508
9	709	43.8	0	520 189
10	824	11.0	1	531 293
11	501	2.7	1	367 134
12	490	0.7	1	447 43
13	421	0.2	1	402 19
14	359	0.2	1	346 13
15	316	0.2	1	299 17
16	267	0.2	1	243 24
17	267	0.2	1	244 23
18	309	0.2	1	279 30
19	174	0.2	1	150 24
20	200	0.2	1	177 23
21	212	0.2	1	182 30
22	213	0.2	1	196 17
23	219	0.2	1	162 57
24	238	0.2	1	180 58
25	291	0.2	1	184 107
26	238	0.2	1	138 100
27	392	0.2	1	134 258
28	352	0.2	1	216 136
29	267	0.2	1	141 126
30	256	0.2	1	200 56
31	277	0.2	1	114 163
32	226	0.2	1	163 63
33	272	0.2	1	116 156
34	283	0.2	1	146 137
35	338	0.2	1	237 101
36	206	0.2	1	125 81
37	157	0.2	1	115 42
38	187	0.2	1	125 62
39	212	0.2	1	122 90
40	223	0.2	1	108 115
41	235	0.2	1	99 136
42	239	0.2	1	115 124
43	188	0.2	1	118 70
44	214	0.2	1	99 115
45	186	0.2	1	89 97
46	149	0.2	1	86 63
47	109	0.2	1	54 55
48	239	0.2	1	69 170
49	126	0.2	1	61 65
50	139	0.2	1	59 80
51	214	0.2	1	69 145
52	263	0.2	1	79 184
53	100	0.2	1	59 41
54	73	0.2	1	37 36
55	110	0.2	1	52 58
56	106	0.2	1	31 75
57	135	0.2	1	28 107
58	203	0.2	1	28 175
59	187	0.2	1	35 152
60	273	0.2	1	24 249
61	270	0.2	1	21 249
62	858	0.2	1	20 838
63	2258	0.2	1	15 2243
64	960	0.2	1	22 938
65	823	0.2	1	11 812
66	1271	0.2	1	12 1259
67	4282	0.2	1	12 4270
68	5493	0.2	1	12 5481
69	44495	0.2	1	16 44479
70	55980	0.2	1	32 55948
71	104506	0.2	1	50 104456
72	109983	0.2	1	48 109935
73	97266	0.2	1	47 97219
74	103852	0.2	1	54 103798
75	15087	0.2	1	36 15051
76	20056	0.2	1	34 20022
77	33783	0.2	1	7 33776
78	34043	0.2	1	5 34038
79	28676	0.2	1	2 28674
80	26480	0.2	1	6 26474
81	22720	0.2	1	6 22714
82	20214	0.2	1	3 20211
83	13838	0.2	1	5 13833
84	9023	0.2	1	0 9023
85	10684	0.2	1	1 10683
86	5348	0.2	1	5 5343
87	3258	0.2	1	4 3254
88	1728	0.2	1	1 1727
89	1259	0.2	1	3 1256
90	894	0.2	1	3 891
91	867	0.2	1	5 862
92	896	0.2	1	4 892
93	1099	0.2	1	2 1097
94	1414	0.2	1	4 1410
95	1927	0.2	1	6 1921
96	2840	0.2	1	4 2836
97	4167	0.2	1	5 4162
98	7134	0.2	1	1 7133
99	13066	0.2	1	3 13063
100	37979	0.2	1	2 37977
101	117605	0.2	1	2 117603

RUN STATISTICS FOR INPUT FILE: data/raw/SRR1979927_R1.fastq.gz
=============================================
11489744 sequences processed in total
Sequences removed because they became shorter than the length cutoff of 20 bp:	973574 (8.5%)

Writing report to '/scratch/lustre/home/mekl0332/Mouse_Aging/results/trimmed/SRR1979927_R2.fastq.gz_trimming_report.txt'

SUMMARISING RUN PARAMETERS
==========================
Input filename: data/raw/SRR1979927_R2.fastq.gz
Trimming mode: single-end
Trim Galore version: 0.6.10
Cutadapt version: 5.0
Number of cores used for trimming: 1
Quality Phred score cutoff: 20
Quality encoding type selected: ASCII+33
Adapter sequence: 'AGATCGGAAGAGC' (Illumina TruSeq, Sanger iPCR; auto-detected)
Maximum trimming error rate: 0.1 (default)
Minimum required adapter overlap (stringency): 1 bp
Minimum required sequence length before a sequence gets removed: 20 bp
Output file(s) will be GZIP compressed

Cutadapt seems to be fairly up-to-date (version 5.0). Setting -j -j 1
Writing final adapter and quality trimmed output to SRR1979927_R2_trimmed.fq.gz


  >>> Now performing quality (cutoff '-q 20') and adapter trimming in a single pass for the adapter sequence: 'AGATCGGAAGAGC' from file data/raw/SRR1979927_R2.fastq.gz <<< 
This is cutadapt 5.0 with Python 3.9.19
Command line parameters: -j 1 -e 0.1 -q 20 -O 1 -a AGATCGGAAGAGC data/raw/SRR1979927_R2.fastq.gz
Input file format not recognized. The file starts with b'\n\n\n\n', but files in supported formats start with '>' (FASTA), '@' (FASTQ) or 'BAM'


Cutadapt terminated with exit signal: '256'.
Terminating Trim Galore run, please check error message(s) to get an idea what went wrong...

[Mon Apr  7 01:36:28 2025]
Error in rule trim_galore:
    jobid: 3
    input: data/raw/SRR1979927_R1.fastq.gz, data/raw/SRR1979927_R2.fastq.gz
    output: results/trimmed/SRR1979927_R1_trimmed.fq.gz, results/trimmed/SRR1979927_R2_trimmed.fq.gz
    conda-env: /scratch/lustre/home/mekl0332/Mouse_Aging/.snakemake/conda/95b03055a948845c379bc054721a8af0_
    shell:
        trim_galore  --gzip -o results/trimmed data/raw/SRR1979927_R1.fastq.gz data/raw/SRR1979927_R2.fastq.gz
        (one of the commands exited with non-zero exit code; note that snakemake uses bash strict mode!)

Removing output files of failed job trim_galore since they might be corrupted:
results/trimmed/SRR1979927_R1_trimmed.fq.gz, results/trimmed/SRR1979927_R2_trimmed.fq.gz
Trying to restart job 3.
Select jobs to execute...

[Mon Apr  7 01:36:28 2025]
rule trim_galore:
    input: data/raw/SRR1979927_R1.fastq.gz, data/raw/SRR1979927_R2.fastq.gz
    output: results/trimmed/SRR1979927_R1_trimmed.fq.gz, results/trimmed/SRR1979927_R2_trimmed.fq.gz
    jobid: 3
    reason: Missing output files: results/trimmed/SRR1979927_R2_trimmed.fq.gz, results/trimmed/SRR1979927_R1_trimmed.fq.gz
    wildcards: sample=SRR1979927
    threads: 4
    resources: tmpdir=/tmp/slurm-mekl0332-165828

trim_galore  --gzip -o results/trimmed data/raw/SRR1979927_R1.fastq.gz data/raw/SRR1979927_R2.fastq.gz
Activating conda environment: .snakemake/conda/95b03055a948845c379bc054721a8af0_
Multicore support not enabled. Proceeding with single-core trimming.
Path to Cutadapt set as: 'cutadapt' (default)
Cutadapt seems to be working fine (tested command 'cutadapt --version')
Cutadapt version: 5.0
single-core operation.
igzip detected. Using igzip for decompressing

No quality encoding type selected. Assuming that the data provided uses Sanger encoded Phred scores (default)

Output will be written into the directory: /scratch/lustre/home/mekl0332/Mouse_Aging/results/trimmed/


AUTO-DETECTING ADAPTER TYPE
===========================
Attempting to auto-detect adapter type from the first 1 million sequences of the first file (>> data/raw/SRR1979927_R1.fastq.gz <<)

Found perfect matches for the following adapter sequences:
Adapter type	Count	Sequence	Sequences analysed	Percentage
Illumina	594	AGATCGGAAGAGC	1000000	0.06
Nextera	6	CTGTCTCTTATA	1000000	0.00
smallRNA	0	TGGAATTCTCGG	1000000	0.00
Using Illumina adapter for trimming (count: 594). Second best hit was Nextera (count: 6)

Writing report to '/scratch/lustre/home/mekl0332/Mouse_Aging/results/trimmed/SRR1979927_R1.fastq.gz_trimming_report.txt'

SUMMARISING RUN PARAMETERS
==========================
Input filename: data/raw/SRR1979927_R1.fastq.gz
Trimming mode: single-end
Trim Galore version: 0.6.10
Cutadapt version: 5.0
Number of cores used for trimming: 1
Quality Phred score cutoff: 20
Quality encoding type selected: ASCII+33
Adapter sequence: 'AGATCGGAAGAGC' (Illumina TruSeq, Sanger iPCR; auto-detected)
Maximum trimming error rate: 0.1 (default)
Minimum required adapter overlap (stringency): 1 bp
Minimum required sequence length before a sequence gets removed: 20 bp
Output file(s) will be GZIP compressed

Cutadapt seems to be fairly up-to-date (version 5.0). Setting -j 1
Writing final adapter and quality trimmed output to SRR1979927_R1_trimmed.fq.gz


  >>> Now performing quality (cutoff '-q 20') and adapter trimming in a single pass for the adapter sequence: 'AGATCGGAAGAGC' from file data/raw/SRR1979927_R1.fastq.gz <<< 
10000000 sequences processed
This is cutadapt 5.0 with Python 3.9.19
Command line parameters: -j 1 -e 0.1 -q 20 -O 1 -a AGATCGGAAGAGC data/raw/SRR1979927_R1.fastq.gz
Processing single-end reads on 1 core ...

=== Summary ===

Total reads processed:              11,489,744
Reads with adapters:                 3,723,904 (32.4%)
Reads written (passing filters):    11,489,744 (100.0%)

Total basepairs processed: 1,160,464,144 bp
Quality-trimmed:              38,151,649 bp (3.3%)
Total written (filtered):  1,041,213,563 bp (89.7%)

=== Adapter 1 ===

Sequence: AGATCGGAAGAGC; Type: regular 3'; Length: 13; Trimmed: 3723904 times

Minimum overlap: 1
No. of allowed errors:
1-9 bp: 0; 10-13 bp: 1

Bases preceding removed adapters:
  A: 23.4%
  C: 22.9%
  G: 16.5%
  T: 11.2%
  none/other: 26.1%

Overview of removed sequences
length	count	expect	max.err	error counts
1	1815656	2872436.0	0	1815656
2	742153	718109.0	0	742153
3	149852	179527.2	0	149852
4	24478	44881.8	0	24478
5	6990	11220.5	0	6990
6	1526	2805.1	0	1526
7	975	701.3	0	975
8	508	175.3	0	508
9	709	43.8	0	520 189
10	824	11.0	1	531 293
11	501	2.7	1	367 134
12	490	0.7	1	447 43
13	421	0.2	1	402 19
14	359	0.2	1	346 13
15	316	0.2	1	299 17
16	267	0.2	1	243 24
17	267	0.2	1	244 23
18	309	0.2	1	279 30
19	174	0.2	1	150 24
20	200	0.2	1	177 23
21	212	0.2	1	182 30
22	213	0.2	1	196 17
23	219	0.2	1	162 57
24	238	0.2	1	180 58
25	291	0.2	1	184 107
26	238	0.2	1	138 100
27	392	0.2	1	134 258
28	352	0.2	1	216 136
29	267	0.2	1	141 126
30	256	0.2	1	200 56
31	277	0.2	1	114 163
32	226	0.2	1	163 63
33	272	0.2	1	116 156
34	283	0.2	1	146 137
35	338	0.2	1	237 101
36	206	0.2	1	125 81
37	157	0.2	1	115 42
38	187	0.2	1	125 62
39	212	0.2	1	122 90
40	223	0.2	1	108 115
41	235	0.2	1	99 136
42	239	0.2	1	115 124
43	188	0.2	1	118 70
44	214	0.2	1	99 115
45	186	0.2	1	89 97
46	149	0.2	1	86 63
47	109	0.2	1	54 55
48	239	0.2	1	69 170
49	126	0.2	1	61 65
50	139	0.2	1	59 80
51	214	0.2	1	69 145
52	263	0.2	1	79 184
53	100	0.2	1	59 41
54	73	0.2	1	37 36
55	110	0.2	1	52 58
56	106	0.2	1	31 75
57	135	0.2	1	28 107
58	203	0.2	1	28 175
59	187	0.2	1	35 152
60	273	0.2	1	24 249
61	270	0.2	1	21 249
62	858	0.2	1	20 838
63	2258	0.2	1	15 2243
64	960	0.2	1	22 938
65	823	0.2	1	11 812
66	1271	0.2	1	12 1259
67	4282	0.2	1	12 4270
68	5493	0.2	1	12 5481
69	44495	0.2	1	16 44479
70	55980	0.2	1	32 55948
71	104506	0.2	1	50 104456
72	109983	0.2	1	48 109935
73	97266	0.2	1	47 97219
74	103852	0.2	1	54 103798
75	15087	0.2	1	36 15051
76	20056	0.2	1	34 20022
77	33783	0.2	1	7 33776
78	34043	0.2	1	5 34038
79	28676	0.2	1	2 28674
80	26480	0.2	1	6 26474
81	22720	0.2	1	6 22714
82	20214	0.2	1	3 20211
83	13838	0.2	1	5 13833
84	9023	0.2	1	0 9023
85	10684	0.2	1	1 10683
86	5348	0.2	1	5 5343
87	3258	0.2	1	4 3254
88	1728	0.2	1	1 1727
89	1259	0.2	1	3 1256
90	894	0.2	1	3 891
91	867	0.2	1	5 862
92	896	0.2	1	4 892
93	1099	0.2	1	2 1097
94	1414	0.2	1	4 1410
95	1927	0.2	1	6 1921
96	2840	0.2	1	4 2836
97	4167	0.2	1	5 4162
98	7134	0.2	1	1 7133
99	13066	0.2	1	3 13063
100	37979	0.2	1	2 37977
101	117605	0.2	1	2 117603

RUN STATISTICS FOR INPUT FILE: data/raw/SRR1979927_R1.fastq.gz
=============================================
11489744 sequences processed in total
Sequences removed because they became shorter than the length cutoff of 20 bp:	973574 (8.5%)

Writing report to '/scratch/lustre/home/mekl0332/Mouse_Aging/results/trimmed/SRR1979927_R2.fastq.gz_trimming_report.txt'

SUMMARISING RUN PARAMETERS
==========================
Input filename: data/raw/SRR1979927_R2.fastq.gz
Trimming mode: single-end
Trim Galore version: 0.6.10
Cutadapt version: 5.0
Number of cores used for trimming: 1
Quality Phred score cutoff: 20
Quality encoding type selected: ASCII+33
Adapter sequence: 'AGATCGGAAGAGC' (Illumina TruSeq, Sanger iPCR; auto-detected)
Maximum trimming error rate: 0.1 (default)
Minimum required adapter overlap (stringency): 1 bp
Minimum required sequence length before a sequence gets removed: 20 bp
Output file(s) will be GZIP compressed

Cutadapt seems to be fairly up-to-date (version 5.0). Setting -j -j 1
Writing final adapter and quality trimmed output to SRR1979927_R2_trimmed.fq.gz


  >>> Now performing quality (cutoff '-q 20') and adapter trimming in a single pass for the adapter sequence: 'AGATCGGAAGAGC' from file data/raw/SRR1979927_R2.fastq.gz <<< 
This is cutadapt 5.0 with Python 3.9.19
Command line parameters: -j 1 -e 0.1 -q 20 -O 1 -a AGATCGGAAGAGC data/raw/SRR1979927_R2.fastq.gz
Input file format not recognized. The file starts with b'\n\n\n\n', but files in supported formats start with '>' (FASTA), '@' (FASTQ) or 'BAM'


Cutadapt terminated with exit signal: '256'.
Terminating Trim Galore run, please check error message(s) to get an idea what went wrong...

[Mon Apr  7 01:41:44 2025]
Error in rule trim_galore:
    jobid: 3
    input: data/raw/SRR1979927_R1.fastq.gz, data/raw/SRR1979927_R2.fastq.gz
    output: results/trimmed/SRR1979927_R1_trimmed.fq.gz, results/trimmed/SRR1979927_R2_trimmed.fq.gz
    conda-env: /scratch/lustre/home/mekl0332/Mouse_Aging/.snakemake/conda/95b03055a948845c379bc054721a8af0_
    shell:
        trim_galore  --gzip -o results/trimmed data/raw/SRR1979927_R1.fastq.gz data/raw/SRR1979927_R2.fastq.gz
        (one of the commands exited with non-zero exit code; note that snakemake uses bash strict mode!)

Removing output files of failed job trim_galore since they might be corrupted:
results/trimmed/SRR1979927_R1_trimmed.fq.gz, results/trimmed/SRR1979927_R2_trimmed.fq.gz
Exiting because a job execution failed. Look above for error message
Complete log: .snakemake/log/2025-04-07T004800.099877.snakemake.log
